<?xml version="1.0" encoding="utf-8"?><testsuites name="pytest tests"><testsuite name="pytest" errors="0" failures="1" skipped="0" tests="21" time="22.166" timestamp="2026-06-08T12:03:25.409800+00:00" hostname="agent-env-a35b91b1-781c-4685-9c22-bb1cc9336d84"><testcase classname="tests.test_admin_routes.TestAuth" name="test_no_auth_returns_401_with_basic_realm" time="0.166"><failure message="AssertionError: Basic&#10;assert 'realm=&quot;PNC Admin&quot;' in 'Basic'">tests/test_admin_routes.py:99: in test_no_auth_returns_401_with_basic_realm
    assert 'realm="PNC Admin"' in www_auth, www_auth
E   AssertionError: Basic
E   assert 'realm="PNC Admin"' in 'Basic'</failure></testcase><testcase classname="tests.test_admin_routes.TestAuth" name="test_wrong_credentials_returns_401" time="0.123" /><testcase classname="tests.test_admin_routes.TestAuth" name="test_correct_credentials_returns_200" time="1.110" /><testcase classname="tests.test_admin_routes.TestListShape" name="test_items_contain_required_keys" time="3.205" /><testcase classname="tests.test_admin_routes.TestListShape" name="test_missing_documents_exact_for_test_employee" time="0.261" /><testcase classname="tests.test_admin_routes.TestListShape" name="test_completed_modules_is_induction" time="0.475" /><testcase classname="tests.test_admin_routes.TestCsvExport" name="test_csv_headers_and_bom" time="3.060" /><testcase classname="tests.test_admin_routes.TestCsvExport" name="test_csv_list_cells_use_comma_space_and_no_literal_none" time="0.217" /><testcase classname="tests.test_admin_routes.TestSearch" name="test_q_filter_matches_name" time="2.970" /><testcase classname="tests.test_admin_routes.TestSearch" name="test_email_filter" time="0.249" /><testcase classname="tests.test_admin_routes.TestSearch" name="test_ni_filter" time="0.460" /><testcase classname="tests.test_admin_routes.TestSearch" name="test_company_filter" time="0.240" /><testcase classname="tests.test_admin_routes.TestSearch" name="test_date_from_inclusive" time="0.551" /><testcase classname="tests.test_admin_routes.TestSearch" name="test_date_to_inclusive" time="0.168" /><testcase classname="tests.test_admin_routes.TestSearch" name="test_impossible_company_returns_zero" time="0.518" /><testcase classname="tests.test_admin_routes.TestSearch" name="test_review_status_filter_after_finalize" time="3.441" /><testcase classname="tests.test_admin_routes.TestPatchReview" name="test_invalid_review_status_returns_422" time="0.105" /><testcase classname="tests.test_admin_routes.TestPatchReview" name="test_nonexistent_employee_returns_404" time="0.217" /><testcase classname="tests.test_admin_routes.TestPatchReview" name="test_patch_approves_and_persists" time="1.980" /><testcase classname="tests.test_admin_routes.TestFinalizePreservesReviewStatus" name="test_finalize_does_not_overwrite_review_status" time="2.157" /><testcase classname="tests.test_admin_routes.TestFinalizePreservesReviewStatus" name="test_first_time_finalize_sets_pending_review_code_path" time="0.381" /></testsuite></testsuites>