<?xml version="1.0" encoding="utf-8"?><testsuites name="pytest tests"><testsuite name="pytest" errors="0" failures="0" skipped="0" tests="10" time="10.081" timestamp="2026-06-08T11:46:59.874096+00:00" hostname="agent-env-a35b91b1-781c-4685-9c22-bb1cc9336d84"><testcase classname="tests.test_induction_finalize.TestHealth" name="test_health_returns_ok" time="0.210" /><testcase classname="tests.test_induction_finalize.TestFinalizeSuccess" name="test_status_code_200" time="3.466" /><testcase classname="tests.test_induction_finalize.TestFinalizeSuccess" name="test_response_shape" time="0.000" /><testcase classname="tests.test_induction_finalize.TestFinalizeSuccess" name="test_pdf_url_is_firebase_storage_with_token" time="0.000" /><testcase classname="tests.test_induction_finalize.TestFinalizeSuccess" name="test_pdf_url_downloads_valid_pdf" time="0.564" /><testcase classname="tests.test_induction_finalize.TestFinalizeErrors" name="test_nonexistent_employee_returns_404" time="0.190" /><testcase classname="tests.test_induction_finalize.TestFinalizeErrors" name="test_missing_employee_id_returns_422" time="0.049" /><testcase classname="tests.test_induction_finalize.TestFinalizeErrors" name="test_empty_employee_id_returns_422" time="0.052" /><testcase classname="tests.test_induction_finalize.TestFinalizeIdempotency" name="test_double_finalize_succeeds_and_token_rotates" time="5.420" /><testcase classname="tests.test_induction_finalize.TestIngressPrefix" name="test_no_api_prefix_does_not_reach_fastapi" time="0.056" /></testsuite></testsuites>