<?xml version="1.0" encoding="utf-8"?><testsuites name="pytest tests"><testsuite name="pytest" errors="0" failures="0" skipped="0" tests="10" time="5.474" timestamp="2026-06-08T12:04:03.377371+00:00" hostname="agent-env-a35b91b1-781c-4685-9c22-bb1cc9336d84"><testcase classname="tests.test_induction_finalize.TestHealth" name="test_health_returns_ok" time="0.200" /><testcase classname="tests.test_induction_finalize.TestFinalizeSuccess" name="test_status_code_200" time="1.228" /><testcase classname="tests.test_induction_finalize.TestFinalizeSuccess" name="test_response_shape" time="0.000" /><testcase classname="tests.test_induction_finalize.TestFinalizeSuccess" name="test_pdf_url_is_firebase_storage_with_token" time="0.000" /><testcase classname="tests.test_induction_finalize.TestFinalizeSuccess" name="test_pdf_url_downloads_valid_pdf" time="0.604" /><testcase classname="tests.test_induction_finalize.TestFinalizeErrors" name="test_nonexistent_employee_returns_404" time="0.182" /><testcase classname="tests.test_induction_finalize.TestFinalizeErrors" name="test_missing_employee_id_returns_422" time="0.047" /><testcase classname="tests.test_induction_finalize.TestFinalizeErrors" name="test_empty_employee_id_returns_422" time="0.048" /><testcase classname="tests.test_induction_finalize.TestFinalizeIdempotency" name="test_double_finalize_succeeds_and_token_rotates" time="3.047" /><testcase classname="tests.test_induction_finalize.TestIngressPrefix" name="test_no_api_prefix_does_not_reach_fastapi" time="0.054" /></testsuite></testsuites>